<?xml version="1.0" encoding="UTF-8"?>
<!-- Generated by org.testng.reporters.JUnitReportReporter -->
<testsuite hostname="MAM-PC" failures="0" tests="2" name="api.test.UserTests" time="2.491" errors="0" timestamp="2024-09-17T11:30:12 MST" skipped="0">
  <testcase classname="api.test.UserTests" name="testPostUser" time="2.078"/>
  <testcase classname="api.test.UserTests" name="testGetUserByName" time="0.413"/>
</testsuite> <!-- api.test.UserTests -->
